2023-06-05T08:35:51.290Z - error ==> jwt must be provided, description==>JsonWebTokenError: jwt must be provided
    at module.exports [as verify] (/home/cedcoss/syed/node/bigcommerce-server/node_modules/jsonwebtoken/verify.js:60:17)
    at verifyJWT (file:///home/cedcoss/syed/node/bigcommerce-server/src/services/jwt.js:12:20)
    at auth (file:///home/cedcoss/syed/node/bigcommerce-server/src/middleware/tokenVerification.js:7:27)
    at Layer.handle [as handle_request] (/home/cedcoss/syed/node/bigcommerce-server/node_modules/express/lib/router/layer.js:95:5)
    at next (/home/cedcoss/syed/node/bigcommerce-server/node_modules/express/lib/router/route.js:144:13)
    at Route.dispatch (/home/cedcoss/syed/node/bigcommerce-server/node_modules/express/lib/router/route.js:114:3)
    at Layer.handle [as handle_request] (/home/cedcoss/syed/node/bigcommerce-server/node_modules/express/lib/router/layer.js:95:5)
    at /home/cedcoss/syed/node/bigcommerce-server/node_modules/express/lib/router/index.js:284:15
    at Function.process_params (/home/cedcoss/syed/node/bigcommerce-server/node_modules/express/lib/router/index.js:346:12)
    at next (/home/cedcoss/syed/node/bigcommerce-server/node_modules/express/lib/router/index.js:280:10)

2023-06-05T08:40:49.581Z - error ==> invalid signature, description==>JsonWebTokenError: invalid signature
    at /home/cedcoss/syed/node/bigcommerce-server/node_modules/jsonwebtoken/verify.js:171:19
    at getSecret (/home/cedcoss/syed/node/bigcommerce-server/node_modules/jsonwebtoken/verify.js:97:14)
    at module.exports [as verify] (/home/cedcoss/syed/node/bigcommerce-server/node_modules/jsonwebtoken/verify.js:101:10)
    at verifyJWT (file:///home/cedcoss/syed/node/bigcommerce-server/src/services/jwt.js:12:20)
    at auth (file:///home/cedcoss/syed/node/bigcommerce-server/src/middleware/tokenVerification.js:7:27)
    at Layer.handle [as handle_request] (/home/cedcoss/syed/node/bigcommerce-server/node_modules/express/lib/router/layer.js:95:5)
    at next (/home/cedcoss/syed/node/bigcommerce-server/node_modules/express/lib/router/route.js:144:13)
    at Route.dispatch (/home/cedcoss/syed/node/bigcommerce-server/node_modules/express/lib/router/route.js:114:3)
    at Layer.handle [as handle_request] (/home/cedcoss/syed/node/bigcommerce-server/node_modules/express/lib/router/layer.js:95:5)
    at /home/cedcoss/syed/node/bigcommerce-server/node_modules/express/lib/router/index.js:284:15

2023-06-05T08:40:49.641Z - error ==> invalid signature, description==>JsonWebTokenError: invalid signature
    at /home/cedcoss/syed/node/bigcommerce-server/node_modules/jsonwebtoken/verify.js:171:19
    at getSecret (/home/cedcoss/syed/node/bigcommerce-server/node_modules/jsonwebtoken/verify.js:97:14)
    at module.exports [as verify] (/home/cedcoss/syed/node/bigcommerce-server/node_modules/jsonwebtoken/verify.js:101:10)
    at verifyJWT (file:///home/cedcoss/syed/node/bigcommerce-server/src/services/jwt.js:12:20)
    at auth (file:///home/cedcoss/syed/node/bigcommerce-server/src/middleware/tokenVerification.js:7:27)
    at Layer.handle [as handle_request] (/home/cedcoss/syed/node/bigcommerce-server/node_modules/express/lib/router/layer.js:95:5)
    at next (/home/cedcoss/syed/node/bigcommerce-server/node_modules/express/lib/router/route.js:144:13)
    at Route.dispatch (/home/cedcoss/syed/node/bigcommerce-server/node_modules/express/lib/router/route.js:114:3)
    at Layer.handle [as handle_request] (/home/cedcoss/syed/node/bigcommerce-server/node_modules/express/lib/router/layer.js:95:5)
    at /home/cedcoss/syed/node/bigcommerce-server/node_modules/express/lib/router/index.js:284:15

2023-06-05T08:40:51.053Z - error ==> invalid signature, description==>JsonWebTokenError: invalid signature
    at /home/cedcoss/syed/node/bigcommerce-server/node_modules/jsonwebtoken/verify.js:171:19
    at getSecret (/home/cedcoss/syed/node/bigcommerce-server/node_modules/jsonwebtoken/verify.js:97:14)
    at module.exports [as verify] (/home/cedcoss/syed/node/bigcommerce-server/node_modules/jsonwebtoken/verify.js:101:10)
    at verifyJWT (file:///home/cedcoss/syed/node/bigcommerce-server/src/services/jwt.js:12:20)
    at auth (file:///home/cedcoss/syed/node/bigcommerce-server/src/middleware/tokenVerification.js:7:27)
    at Layer.handle [as handle_request] (/home/cedcoss/syed/node/bigcommerce-server/node_modules/express/lib/router/layer.js:95:5)
    at next (/home/cedcoss/syed/node/bigcommerce-server/node_modules/express/lib/router/route.js:144:13)
    at Route.dispatch (/home/cedcoss/syed/node/bigcommerce-server/node_modules/express/lib/router/route.js:114:3)
    at Layer.handle [as handle_request] (/home/cedcoss/syed/node/bigcommerce-server/node_modules/express/lib/router/layer.js:95:5)
    at /home/cedcoss/syed/node/bigcommerce-server/node_modules/express/lib/router/index.js:284:15

2023-06-05T08:40:51.256Z - error ==> invalid signature, description==>JsonWebTokenError: invalid signature
    at /home/cedcoss/syed/node/bigcommerce-server/node_modules/jsonwebtoken/verify.js:171:19
    at getSecret (/home/cedcoss/syed/node/bigcommerce-server/node_modules/jsonwebtoken/verify.js:97:14)
    at module.exports [as verify] (/home/cedcoss/syed/node/bigcommerce-server/node_modules/jsonwebtoken/verify.js:101:10)
    at verifyJWT (file:///home/cedcoss/syed/node/bigcommerce-server/src/services/jwt.js:12:20)
    at auth (file:///home/cedcoss/syed/node/bigcommerce-server/src/middleware/tokenVerification.js:7:27)
    at Layer.handle [as handle_request] (/home/cedcoss/syed/node/bigcommerce-server/node_modules/express/lib/router/layer.js:95:5)
    at next (/home/cedcoss/syed/node/bigcommerce-server/node_modules/express/lib/router/route.js:144:13)
    at Route.dispatch (/home/cedcoss/syed/node/bigcommerce-server/node_modules/express/lib/router/route.js:114:3)
    at Layer.handle [as handle_request] (/home/cedcoss/syed/node/bigcommerce-server/node_modules/express/lib/router/layer.js:95:5)
    at /home/cedcoss/syed/node/bigcommerce-server/node_modules/express/lib/router/index.js:284:15

2023-06-05T08:40:51.327Z - error ==> invalid signature, description==>JsonWebTokenError: invalid signature
    at /home/cedcoss/syed/node/bigcommerce-server/node_modules/jsonwebtoken/verify.js:171:19
    at getSecret (/home/cedcoss/syed/node/bigcommerce-server/node_modules/jsonwebtoken/verify.js:97:14)
    at module.exports [as verify] (/home/cedcoss/syed/node/bigcommerce-server/node_modules/jsonwebtoken/verify.js:101:10)
    at verifyJWT (file:///home/cedcoss/syed/node/bigcommerce-server/src/services/jwt.js:12:20)
    at auth (file:///home/cedcoss/syed/node/bigcommerce-server/src/middleware/tokenVerification.js:7:27)
    at Layer.handle [as handle_request] (/home/cedcoss/syed/node/bigcommerce-server/node_modules/express/lib/router/layer.js:95:5)
    at next (/home/cedcoss/syed/node/bigcommerce-server/node_modules/express/lib/router/route.js:144:13)
    at Route.dispatch (/home/cedcoss/syed/node/bigcommerce-server/node_modules/express/lib/router/route.js:114:3)
    at Layer.handle [as handle_request] (/home/cedcoss/syed/node/bigcommerce-server/node_modules/express/lib/router/layer.js:95:5)
    at /home/cedcoss/syed/node/bigcommerce-server/node_modules/express/lib/router/index.js:284:15

2023-06-05T08:41:37.830Z - error ==> invalid signature, description==>JsonWebTokenError: invalid signature
    at /home/cedcoss/syed/node/bigcommerce-server/node_modules/jsonwebtoken/verify.js:171:19
    at getSecret (/home/cedcoss/syed/node/bigcommerce-server/node_modules/jsonwebtoken/verify.js:97:14)
    at module.exports [as verify] (/home/cedcoss/syed/node/bigcommerce-server/node_modules/jsonwebtoken/verify.js:101:10)
    at verifyJWT (file:///home/cedcoss/syed/node/bigcommerce-server/src/services/jwt.js:12:20)
    at auth (file:///home/cedcoss/syed/node/bigcommerce-server/src/middleware/tokenVerification.js:8:27)
    at Layer.handle [as handle_request] (/home/cedcoss/syed/node/bigcommerce-server/node_modules/express/lib/router/layer.js:95:5)
    at next (/home/cedcoss/syed/node/bigcommerce-server/node_modules/express/lib/router/route.js:144:13)
    at Route.dispatch (/home/cedcoss/syed/node/bigcommerce-server/node_modules/express/lib/router/route.js:114:3)
    at Layer.handle [as handle_request] (/home/cedcoss/syed/node/bigcommerce-server/node_modules/express/lib/router/layer.js:95:5)
    at /home/cedcoss/syed/node/bigcommerce-server/node_modules/express/lib/router/index.js:284:15

2023-06-05T08:41:37.843Z - error ==> invalid signature, description==>JsonWebTokenError: invalid signature
    at /home/cedcoss/syed/node/bigcommerce-server/node_modules/jsonwebtoken/verify.js:171:19
    at getSecret (/home/cedcoss/syed/node/bigcommerce-server/node_modules/jsonwebtoken/verify.js:97:14)
    at module.exports [as verify] (/home/cedcoss/syed/node/bigcommerce-server/node_modules/jsonwebtoken/verify.js:101:10)
    at verifyJWT (file:///home/cedcoss/syed/node/bigcommerce-server/src/services/jwt.js:12:20)
    at auth (file:///home/cedcoss/syed/node/bigcommerce-server/src/middleware/tokenVerification.js:8:27)
    at Layer.handle [as handle_request] (/home/cedcoss/syed/node/bigcommerce-server/node_modules/express/lib/router/layer.js:95:5)
    at next (/home/cedcoss/syed/node/bigcommerce-server/node_modules/express/lib/router/route.js:144:13)
    at Route.dispatch (/home/cedcoss/syed/node/bigcommerce-server/node_modules/express/lib/router/route.js:114:3)
    at Layer.handle [as handle_request] (/home/cedcoss/syed/node/bigcommerce-server/node_modules/express/lib/router/layer.js:95:5)
    at /home/cedcoss/syed/node/bigcommerce-server/node_modules/express/lib/router/index.js:284:15

2023-06-05T08:41:46.527Z - error ==> invalid signature, description==>JsonWebTokenError: invalid signature
    at /home/cedcoss/syed/node/bigcommerce-server/node_modules/jsonwebtoken/verify.js:171:19
    at getSecret (/home/cedcoss/syed/node/bigcommerce-server/node_modules/jsonwebtoken/verify.js:97:14)
    at module.exports [as verify] (/home/cedcoss/syed/node/bigcommerce-server/node_modules/jsonwebtoken/verify.js:101:10)
    at verifyJWT (file:///home/cedcoss/syed/node/bigcommerce-server/src/services/jwt.js:12:20)
    at auth (file:///home/cedcoss/syed/node/bigcommerce-server/src/middleware/tokenVerification.js:8:27)
    at Layer.handle [as handle_request] (/home/cedcoss/syed/node/bigcommerce-server/node_modules/express/lib/router/layer.js:95:5)
    at next (/home/cedcoss/syed/node/bigcommerce-server/node_modules/express/lib/router/route.js:144:13)
    at Route.dispatch (/home/cedcoss/syed/node/bigcommerce-server/node_modules/express/lib/router/route.js:114:3)
    at Layer.handle [as handle_request] (/home/cedcoss/syed/node/bigcommerce-server/node_modules/express/lib/router/layer.js:95:5)
    at /home/cedcoss/syed/node/bigcommerce-server/node_modules/express/lib/router/index.js:284:15

2023-06-05T08:41:46.538Z - error ==> invalid signature, description==>JsonWebTokenError: invalid signature
    at /home/cedcoss/syed/node/bigcommerce-server/node_modules/jsonwebtoken/verify.js:171:19
    at getSecret (/home/cedcoss/syed/node/bigcommerce-server/node_modules/jsonwebtoken/verify.js:97:14)
    at module.exports [as verify] (/home/cedcoss/syed/node/bigcommerce-server/node_modules/jsonwebtoken/verify.js:101:10)
    at verifyJWT (file:///home/cedcoss/syed/node/bigcommerce-server/src/services/jwt.js:12:20)
    at auth (file:///home/cedcoss/syed/node/bigcommerce-server/src/middleware/tokenVerification.js:8:27)
    at Layer.handle [as handle_request] (/home/cedcoss/syed/node/bigcommerce-server/node_modules/express/lib/router/layer.js:95:5)
    at next (/home/cedcoss/syed/node/bigcommerce-server/node_modules/express/lib/router/route.js:144:13)
    at Route.dispatch (/home/cedcoss/syed/node/bigcommerce-server/node_modules/express/lib/router/route.js:114:3)
    at Layer.handle [as handle_request] (/home/cedcoss/syed/node/bigcommerce-server/node_modules/express/lib/router/layer.js:95:5)
    at /home/cedcoss/syed/node/bigcommerce-server/node_modules/express/lib/router/index.js:284:15

2023-06-05T08:42:38.382Z - error ==> invalid signature, description==>JsonWebTokenError: invalid signature
    at /home/cedcoss/syed/node/bigcommerce-server/node_modules/jsonwebtoken/verify.js:171:19
    at getSecret (/home/cedcoss/syed/node/bigcommerce-server/node_modules/jsonwebtoken/verify.js:97:14)
    at module.exports [as verify] (/home/cedcoss/syed/node/bigcommerce-server/node_modules/jsonwebtoken/verify.js:101:10)
    at verifyJWT (file:///home/cedcoss/syed/node/bigcommerce-server/src/services/jwt.js:12:20)
    at auth (file:///home/cedcoss/syed/node/bigcommerce-server/src/middleware/tokenVerification.js:8:27)
    at Layer.handle [as handle_request] (/home/cedcoss/syed/node/bigcommerce-server/node_modules/express/lib/router/layer.js:95:5)
    at next (/home/cedcoss/syed/node/bigcommerce-server/node_modules/express/lib/router/route.js:144:13)
    at Route.dispatch (/home/cedcoss/syed/node/bigcommerce-server/node_modules/express/lib/router/route.js:114:3)
    at Layer.handle [as handle_request] (/home/cedcoss/syed/node/bigcommerce-server/node_modules/express/lib/router/layer.js:95:5)
    at /home/cedcoss/syed/node/bigcommerce-server/node_modules/express/lib/router/index.js:284:15

2023-06-05T08:42:38.394Z - error ==> invalid signature, description==>JsonWebTokenError: invalid signature
    at /home/cedcoss/syed/node/bigcommerce-server/node_modules/jsonwebtoken/verify.js:171:19
    at getSecret (/home/cedcoss/syed/node/bigcommerce-server/node_modules/jsonwebtoken/verify.js:97:14)
    at module.exports [as verify] (/home/cedcoss/syed/node/bigcommerce-server/node_modules/jsonwebtoken/verify.js:101:10)
    at verifyJWT (file:///home/cedcoss/syed/node/bigcommerce-server/src/services/jwt.js:12:20)
    at auth (file:///home/cedcoss/syed/node/bigcommerce-server/src/middleware/tokenVerification.js:8:27)
    at Layer.handle [as handle_request] (/home/cedcoss/syed/node/bigcommerce-server/node_modules/express/lib/router/layer.js:95:5)
    at next (/home/cedcoss/syed/node/bigcommerce-server/node_modules/express/lib/router/route.js:144:13)
    at Route.dispatch (/home/cedcoss/syed/node/bigcommerce-server/node_modules/express/lib/router/route.js:114:3)
    at Layer.handle [as handle_request] (/home/cedcoss/syed/node/bigcommerce-server/node_modules/express/lib/router/layer.js:95:5)
    at /home/cedcoss/syed/node/bigcommerce-server/node_modules/express/lib/router/index.js:284:15

2023-06-05T08:42:47.107Z - error ==> invalid signature, description==>JsonWebTokenError: invalid signature
    at /home/cedcoss/syed/node/bigcommerce-server/node_modules/jsonwebtoken/verify.js:171:19
    at getSecret (/home/cedcoss/syed/node/bigcommerce-server/node_modules/jsonwebtoken/verify.js:97:14)
    at module.exports [as verify] (/home/cedcoss/syed/node/bigcommerce-server/node_modules/jsonwebtoken/verify.js:101:10)
    at verifyJWT (file:///home/cedcoss/syed/node/bigcommerce-server/src/services/jwt.js:12:20)
    at auth (file:///home/cedcoss/syed/node/bigcommerce-server/src/middleware/tokenVerification.js:8:27)
    at Layer.handle [as handle_request] (/home/cedcoss/syed/node/bigcommerce-server/node_modules/express/lib/router/layer.js:95:5)
    at next (/home/cedcoss/syed/node/bigcommerce-server/node_modules/express/lib/router/route.js:144:13)
    at Route.dispatch (/home/cedcoss/syed/node/bigcommerce-server/node_modules/express/lib/router/route.js:114:3)
    at Layer.handle [as handle_request] (/home/cedcoss/syed/node/bigcommerce-server/node_modules/express/lib/router/layer.js:95:5)
    at /home/cedcoss/syed/node/bigcommerce-server/node_modules/express/lib/router/index.js:284:15

2023-06-05T08:42:47.140Z - error ==> invalid signature, description==>JsonWebTokenError: invalid signature
    at /home/cedcoss/syed/node/bigcommerce-server/node_modules/jsonwebtoken/verify.js:171:19
    at getSecret (/home/cedcoss/syed/node/bigcommerce-server/node_modules/jsonwebtoken/verify.js:97:14)
    at module.exports [as verify] (/home/cedcoss/syed/node/bigcommerce-server/node_modules/jsonwebtoken/verify.js:101:10)
    at verifyJWT (file:///home/cedcoss/syed/node/bigcommerce-server/src/services/jwt.js:12:20)
    at auth (file:///home/cedcoss/syed/node/bigcommerce-server/src/middleware/tokenVerification.js:8:27)
    at Layer.handle [as handle_request] (/home/cedcoss/syed/node/bigcommerce-server/node_modules/express/lib/router/layer.js:95:5)
    at next (/home/cedcoss/syed/node/bigcommerce-server/node_modules/express/lib/router/route.js:144:13)
    at Route.dispatch (/home/cedcoss/syed/node/bigcommerce-server/node_modules/express/lib/router/route.js:114:3)
    at Layer.handle [as handle_request] (/home/cedcoss/syed/node/bigcommerce-server/node_modules/express/lib/router/layer.js:95:5)
    at /home/cedcoss/syed/node/bigcommerce-server/node_modules/express/lib/router/index.js:284:15

2023-06-05T08:43:30.134Z - error ==> invalid signature, description==>JsonWebTokenError: invalid signature
    at /home/cedcoss/syed/node/bigcommerce-server/node_modules/jsonwebtoken/verify.js:171:19
    at getSecret (/home/cedcoss/syed/node/bigcommerce-server/node_modules/jsonwebtoken/verify.js:97:14)
    at module.exports [as verify] (/home/cedcoss/syed/node/bigcommerce-server/node_modules/jsonwebtoken/verify.js:101:10)
    at verifyJWT (file:///home/cedcoss/syed/node/bigcommerce-server/src/services/jwt.js:12:20)
    at auth (file:///home/cedcoss/syed/node/bigcommerce-server/src/middleware/tokenVerification.js:8:27)
    at Layer.handle [as handle_request] (/home/cedcoss/syed/node/bigcommerce-server/node_modules/express/lib/router/layer.js:95:5)
    at next (/home/cedcoss/syed/node/bigcommerce-server/node_modules/express/lib/router/route.js:144:13)
    at Route.dispatch (/home/cedcoss/syed/node/bigcommerce-server/node_modules/express/lib/router/route.js:114:3)
    at Layer.handle [as handle_request] (/home/cedcoss/syed/node/bigcommerce-server/node_modules/express/lib/router/layer.js:95:5)
    at /home/cedcoss/syed/node/bigcommerce-server/node_modules/express/lib/router/index.js:284:15

2023-06-05T08:43:30.181Z - error ==> invalid signature, description==>JsonWebTokenError: invalid signature
    at /home/cedcoss/syed/node/bigcommerce-server/node_modules/jsonwebtoken/verify.js:171:19
    at getSecret (/home/cedcoss/syed/node/bigcommerce-server/node_modules/jsonwebtoken/verify.js:97:14)
    at module.exports [as verify] (/home/cedcoss/syed/node/bigcommerce-server/node_modules/jsonwebtoken/verify.js:101:10)
    at verifyJWT (file:///home/cedcoss/syed/node/bigcommerce-server/src/services/jwt.js:12:20)
    at auth (file:///home/cedcoss/syed/node/bigcommerce-server/src/middleware/tokenVerification.js:8:27)
    at Layer.handle [as handle_request] (/home/cedcoss/syed/node/bigcommerce-server/node_modules/express/lib/router/layer.js:95:5)
    at next (/home/cedcoss/syed/node/bigcommerce-server/node_modules/express/lib/router/route.js:144:13)
    at Route.dispatch (/home/cedcoss/syed/node/bigcommerce-server/node_modules/express/lib/router/route.js:114:3)
    at Layer.handle [as handle_request] (/home/cedcoss/syed/node/bigcommerce-server/node_modules/express/lib/router/layer.js:95:5)
    at /home/cedcoss/syed/node/bigcommerce-server/node_modules/express/lib/router/index.js:284:15

2023-06-05T08:43:31.321Z - error ==> invalid signature, description==>JsonWebTokenError: invalid signature
    at /home/cedcoss/syed/node/bigcommerce-server/node_modules/jsonwebtoken/verify.js:171:19
    at getSecret (/home/cedcoss/syed/node/bigcommerce-server/node_modules/jsonwebtoken/verify.js:97:14)
    at module.exports [as verify] (/home/cedcoss/syed/node/bigcommerce-server/node_modules/jsonwebtoken/verify.js:101:10)
    at verifyJWT (file:///home/cedcoss/syed/node/bigcommerce-server/src/services/jwt.js:12:20)
    at auth (file:///home/cedcoss/syed/node/bigcommerce-server/src/middleware/tokenVerification.js:8:27)
    at Layer.handle [as handle_request] (/home/cedcoss/syed/node/bigcommerce-server/node_modules/express/lib/router/layer.js:95:5)
    at next (/home/cedcoss/syed/node/bigcommerce-server/node_modules/express/lib/router/route.js:144:13)
    at Route.dispatch (/home/cedcoss/syed/node/bigcommerce-server/node_modules/express/lib/router/route.js:114:3)
    at Layer.handle [as handle_request] (/home/cedcoss/syed/node/bigcommerce-server/node_modules/express/lib/router/layer.js:95:5)
    at /home/cedcoss/syed/node/bigcommerce-server/node_modules/express/lib/router/index.js:284:15

2023-06-05T08:43:31.800Z - error ==> invalid signature, description==>JsonWebTokenError: invalid signature
    at /home/cedcoss/syed/node/bigcommerce-server/node_modules/jsonwebtoken/verify.js:171:19
    at getSecret (/home/cedcoss/syed/node/bigcommerce-server/node_modules/jsonwebtoken/verify.js:97:14)
    at module.exports [as verify] (/home/cedcoss/syed/node/bigcommerce-server/node_modules/jsonwebtoken/verify.js:101:10)
    at verifyJWT (file:///home/cedcoss/syed/node/bigcommerce-server/src/services/jwt.js:12:20)
    at auth (file:///home/cedcoss/syed/node/bigcommerce-server/src/middleware/tokenVerification.js:8:27)
    at Layer.handle [as handle_request] (/home/cedcoss/syed/node/bigcommerce-server/node_modules/express/lib/router/layer.js:95:5)
    at next (/home/cedcoss/syed/node/bigcommerce-server/node_modules/express/lib/router/route.js:144:13)
    at Route.dispatch (/home/cedcoss/syed/node/bigcommerce-server/node_modules/express/lib/router/route.js:114:3)
    at Layer.handle [as handle_request] (/home/cedcoss/syed/node/bigcommerce-server/node_modules/express/lib/router/layer.js:95:5)
    at /home/cedcoss/syed/node/bigcommerce-server/node_modules/express/lib/router/index.js:284:15

2023-06-05T08:43:31.847Z - error ==> invalid signature, description==>JsonWebTokenError: invalid signature
    at /home/cedcoss/syed/node/bigcommerce-server/node_modules/jsonwebtoken/verify.js:171:19
    at getSecret (/home/cedcoss/syed/node/bigcommerce-server/node_modules/jsonwebtoken/verify.js:97:14)
    at module.exports [as verify] (/home/cedcoss/syed/node/bigcommerce-server/node_modules/jsonwebtoken/verify.js:101:10)
    at verifyJWT (file:///home/cedcoss/syed/node/bigcommerce-server/src/services/jwt.js:12:20)
    at auth (file:///home/cedcoss/syed/node/bigcommerce-server/src/middleware/tokenVerification.js:8:27)
    at Layer.handle [as handle_request] (/home/cedcoss/syed/node/bigcommerce-server/node_modules/express/lib/router/layer.js:95:5)
    at next (/home/cedcoss/syed/node/bigcommerce-server/node_modules/express/lib/router/route.js:144:13)
    at Route.dispatch (/home/cedcoss/syed/node/bigcommerce-server/node_modules/express/lib/router/route.js:114:3)
    at Layer.handle [as handle_request] (/home/cedcoss/syed/node/bigcommerce-server/node_modules/express/lib/router/layer.js:95:5)
    at /home/cedcoss/syed/node/bigcommerce-server/node_modules/express/lib/router/index.js:284:15

2023-06-05T08:45:34.412Z - error ==> jwt must be provided, description==>JsonWebTokenError: jwt must be provided
    at module.exports [as verify] (/home/cedcoss/syed/node/bigcommerce-server/node_modules/jsonwebtoken/verify.js:60:17)
    at verifyJWT (file:///home/cedcoss/syed/node/bigcommerce-server/src/services/jwt.js:12:20)
    at auth (file:///home/cedcoss/syed/node/bigcommerce-server/src/middleware/tokenVerification.js:8:27)
    at Layer.handle [as handle_request] (/home/cedcoss/syed/node/bigcommerce-server/node_modules/express/lib/router/layer.js:95:5)
    at next (/home/cedcoss/syed/node/bigcommerce-server/node_modules/express/lib/router/route.js:144:13)
    at Route.dispatch (/home/cedcoss/syed/node/bigcommerce-server/node_modules/express/lib/router/route.js:114:3)
    at Layer.handle [as handle_request] (/home/cedcoss/syed/node/bigcommerce-server/node_modules/express/lib/router/layer.js:95:5)
    at /home/cedcoss/syed/node/bigcommerce-server/node_modules/express/lib/router/index.js:284:15
    at Function.process_params (/home/cedcoss/syed/node/bigcommerce-server/node_modules/express/lib/router/index.js:346:12)
    at next (/home/cedcoss/syed/node/bigcommerce-server/node_modules/express/lib/router/index.js:280:10)

