2023-06-01T07:05:59.489Z - error ==> jwt malformed, description==>JsonWebTokenError: jwt malformed
    at module.exports [as verify] (/home/cedcoss/syed/node/bigcommerce-server/node_modules/jsonwebtoken/verify.js:70:17)
    at verifyJWT (file:///home/cedcoss/syed/node/bigcommerce-server/src/services/jwt.js:10:20)
    at auth (file:///home/cedcoss/syed/node/bigcommerce-server/src/middleware/tokenVerification.js:9:27)
    at Layer.handle [as handle_request] (/home/cedcoss/syed/node/bigcommerce-server/node_modules/express/lib/router/layer.js:95:5)
    at next (/home/cedcoss/syed/node/bigcommerce-server/node_modules/express/lib/router/route.js:144:13)
    at Route.dispatch (/home/cedcoss/syed/node/bigcommerce-server/node_modules/express/lib/router/route.js:114:3)
    at Layer.handle [as handle_request] (/home/cedcoss/syed/node/bigcommerce-server/node_modules/express/lib/router/layer.js:95:5)
    at /home/cedcoss/syed/node/bigcommerce-server/node_modules/express/lib/router/index.js:284:15
    at Function.process_params (/home/cedcoss/syed/node/bigcommerce-server/node_modules/express/lib/router/index.js:346:12)
    at next (/home/cedcoss/syed/node/bigcommerce-server/node_modules/express/lib/router/index.js:280:10)

2023-06-01T07:07:52.010Z - error ==> jwt malformed, description==>JsonWebTokenError: jwt malformed
    at module.exports [as verify] (/home/cedcoss/syed/node/bigcommerce-server/node_modules/jsonwebtoken/verify.js:70:17)
    at verifyJWT (file:///home/cedcoss/syed/node/bigcommerce-server/src/services/jwt.js:10:20)
    at auth (file:///home/cedcoss/syed/node/bigcommerce-server/src/middleware/tokenVerification.js:8:27)
    at Layer.handle [as handle_request] (/home/cedcoss/syed/node/bigcommerce-server/node_modules/express/lib/router/layer.js:95:5)
    at next (/home/cedcoss/syed/node/bigcommerce-server/node_modules/express/lib/router/route.js:144:13)
    at Route.dispatch (/home/cedcoss/syed/node/bigcommerce-server/node_modules/express/lib/router/route.js:114:3)
    at Layer.handle [as handle_request] (/home/cedcoss/syed/node/bigcommerce-server/node_modules/express/lib/router/layer.js:95:5)
    at /home/cedcoss/syed/node/bigcommerce-server/node_modules/express/lib/router/index.js:284:15
    at Function.process_params (/home/cedcoss/syed/node/bigcommerce-server/node_modules/express/lib/router/index.js:346:12)
    at next (/home/cedcoss/syed/node/bigcommerce-server/node_modules/express/lib/router/index.js:280:10)

2023-06-01T07:08:13.519Z - error ==> jwt malformed, description==>JsonWebTokenError: jwt malformed
    at module.exports [as verify] (/home/cedcoss/syed/node/bigcommerce-server/node_modules/jsonwebtoken/verify.js:70:17)
    at verifyJWT (file:///home/cedcoss/syed/node/bigcommerce-server/src/services/jwt.js:10:20)
    at auth (file:///home/cedcoss/syed/node/bigcommerce-server/src/middleware/tokenVerification.js:7:27)
    at Layer.handle [as handle_request] (/home/cedcoss/syed/node/bigcommerce-server/node_modules/express/lib/router/layer.js:95:5)
    at next (/home/cedcoss/syed/node/bigcommerce-server/node_modules/express/lib/router/route.js:144:13)
    at Route.dispatch (/home/cedcoss/syed/node/bigcommerce-server/node_modules/express/lib/router/route.js:114:3)
    at Layer.handle [as handle_request] (/home/cedcoss/syed/node/bigcommerce-server/node_modules/express/lib/router/layer.js:95:5)
    at /home/cedcoss/syed/node/bigcommerce-server/node_modules/express/lib/router/index.js:284:15
    at Function.process_params (/home/cedcoss/syed/node/bigcommerce-server/node_modules/express/lib/router/index.js:346:12)
    at next (/home/cedcoss/syed/node/bigcommerce-server/node_modules/express/lib/router/index.js:280:10)

2023-06-01T07:10:05.429Z - error ==> jwt malformed, description==>JsonWebTokenError: jwt malformed
    at module.exports [as verify] (/home/cedcoss/syed/node/bigcommerce-server/node_modules/jsonwebtoken/verify.js:70:17)
    at verifyJWT (file:///home/cedcoss/syed/node/bigcommerce-server/src/services/jwt.js:10:20)
    at auth (file:///home/cedcoss/syed/node/bigcommerce-server/src/middleware/tokenVerification.js:7:27)
    at Layer.handle [as handle_request] (/home/cedcoss/syed/node/bigcommerce-server/node_modules/express/lib/router/layer.js:95:5)
    at next (/home/cedcoss/syed/node/bigcommerce-server/node_modules/express/lib/router/route.js:144:13)
    at Route.dispatch (/home/cedcoss/syed/node/bigcommerce-server/node_modules/express/lib/router/route.js:114:3)
    at Layer.handle [as handle_request] (/home/cedcoss/syed/node/bigcommerce-server/node_modules/express/lib/router/layer.js:95:5)
    at /home/cedcoss/syed/node/bigcommerce-server/node_modules/express/lib/router/index.js:284:15
    at Function.process_params (/home/cedcoss/syed/node/bigcommerce-server/node_modules/express/lib/router/index.js:346:12)
    at next (/home/cedcoss/syed/node/bigcommerce-server/node_modules/express/lib/router/index.js:280:10)

2023-06-01T07:11:45.317Z - error ==> jwt malformed, description==>JsonWebTokenError: jwt malformed
    at module.exports [as verify] (/home/cedcoss/syed/node/bigcommerce-server/node_modules/jsonwebtoken/verify.js:70:17)
    at verifyJWT (file:///home/cedcoss/syed/node/bigcommerce-server/src/services/jwt.js:10:20)
    at auth (file:///home/cedcoss/syed/node/bigcommerce-server/src/middleware/tokenVerification.js:7:27)
    at Layer.handle [as handle_request] (/home/cedcoss/syed/node/bigcommerce-server/node_modules/express/lib/router/layer.js:95:5)
    at next (/home/cedcoss/syed/node/bigcommerce-server/node_modules/express/lib/router/route.js:144:13)
    at Route.dispatch (/home/cedcoss/syed/node/bigcommerce-server/node_modules/express/lib/router/route.js:114:3)
    at Layer.handle [as handle_request] (/home/cedcoss/syed/node/bigcommerce-server/node_modules/express/lib/router/layer.js:95:5)
    at /home/cedcoss/syed/node/bigcommerce-server/node_modules/express/lib/router/index.js:284:15
    at Function.process_params (/home/cedcoss/syed/node/bigcommerce-server/node_modules/express/lib/router/index.js:346:12)
    at next (/home/cedcoss/syed/node/bigcommerce-server/node_modules/express/lib/router/index.js:280:10)

2023-06-01T07:12:33.586Z - error ==> jwt malformed, description==>JsonWebTokenError: jwt malformed
    at module.exports [as verify] (/home/cedcoss/syed/node/bigcommerce-server/node_modules/jsonwebtoken/verify.js:70:17)
    at verifyJWT (file:///home/cedcoss/syed/node/bigcommerce-server/src/services/jwt.js:10:20)
    at auth (file:///home/cedcoss/syed/node/bigcommerce-server/src/middleware/tokenVerification.js:7:27)
    at Layer.handle [as handle_request] (/home/cedcoss/syed/node/bigcommerce-server/node_modules/express/lib/router/layer.js:95:5)
    at next (/home/cedcoss/syed/node/bigcommerce-server/node_modules/express/lib/router/route.js:144:13)
    at Route.dispatch (/home/cedcoss/syed/node/bigcommerce-server/node_modules/express/lib/router/route.js:114:3)
    at Layer.handle [as handle_request] (/home/cedcoss/syed/node/bigcommerce-server/node_modules/express/lib/router/layer.js:95:5)
    at /home/cedcoss/syed/node/bigcommerce-server/node_modules/express/lib/router/index.js:284:15
    at Function.process_params (/home/cedcoss/syed/node/bigcommerce-server/node_modules/express/lib/router/index.js:346:12)
    at next (/home/cedcoss/syed/node/bigcommerce-server/node_modules/express/lib/router/index.js:280:10)

2023-06-01T07:16:55.884Z - error ==> jwt malformed, description==>JsonWebTokenError: jwt malformed
    at module.exports [as verify] (/home/cedcoss/syed/node/bigcommerce-server/node_modules/jsonwebtoken/verify.js:70:17)
    at verifyJWT (file:///home/cedcoss/syed/node/bigcommerce-server/src/services/jwt.js:10:20)
    at auth (file:///home/cedcoss/syed/node/bigcommerce-server/src/middleware/tokenVerification.js:7:27)
    at Layer.handle [as handle_request] (/home/cedcoss/syed/node/bigcommerce-server/node_modules/express/lib/router/layer.js:95:5)
    at next (/home/cedcoss/syed/node/bigcommerce-server/node_modules/express/lib/router/route.js:144:13)
    at Route.dispatch (/home/cedcoss/syed/node/bigcommerce-server/node_modules/express/lib/router/route.js:114:3)
    at Layer.handle [as handle_request] (/home/cedcoss/syed/node/bigcommerce-server/node_modules/express/lib/router/layer.js:95:5)
    at /home/cedcoss/syed/node/bigcommerce-server/node_modules/express/lib/router/index.js:284:15
    at Function.process_params (/home/cedcoss/syed/node/bigcommerce-server/node_modules/express/lib/router/index.js:346:12)
    at next (/home/cedcoss/syed/node/bigcommerce-server/node_modules/express/lib/router/index.js:280:10)

2023-06-01T09:32:56.875Z - error ==> invalid signature, description==>JsonWebTokenError: invalid signature
    at /home/cedcoss/syed/node/bigcommerce-server/node_modules/jsonwebtoken/verify.js:171:19
    at getSecret (/home/cedcoss/syed/node/bigcommerce-server/node_modules/jsonwebtoken/verify.js:97:14)
    at module.exports [as verify] (/home/cedcoss/syed/node/bigcommerce-server/node_modules/jsonwebtoken/verify.js:101:10)
    at verifyJWT (file:///home/cedcoss/syed/node/bigcommerce-server/src/services/jwt.js:10:20)
    at auth (file:///home/cedcoss/syed/node/bigcommerce-server/src/middleware/tokenVerification.js:7:27)
    at Layer.handle [as handle_request] (/home/cedcoss/syed/node/bigcommerce-server/node_modules/express/lib/router/layer.js:95:5)
    at next (/home/cedcoss/syed/node/bigcommerce-server/node_modules/express/lib/router/route.js:144:13)
    at Route.dispatch (/home/cedcoss/syed/node/bigcommerce-server/node_modules/express/lib/router/route.js:114:3)
    at Layer.handle [as handle_request] (/home/cedcoss/syed/node/bigcommerce-server/node_modules/express/lib/router/layer.js:95:5)
    at /home/cedcoss/syed/node/bigcommerce-server/node_modules/express/lib/router/index.js:284:15

2023-06-01T09:34:13.046Z - error ==> Request failed with status code 422, description==>AxiosError: Request failed with status code 422
    at settle (file:///home/cedcoss/syed/node/bigcommerce-server/node_modules/axios/lib/core/settle.js:19:12)
    at Unzip.handleStreamEnd (file:///home/cedcoss/syed/node/bigcommerce-server/node_modules/axios/lib/adapters/http.js:570:11)
    at Unzip.emit (node:events:525:35)
    at endReadableNT (node:internal/streams/readable:1359:12)
    at process.processTicksAndRejections (node:internal/process/task_queues:82:21)

2023-06-01T09:34:37.951Z - error ==> Request failed with status code 422, description==>AxiosError: Request failed with status code 422
    at settle (file:///home/cedcoss/syed/node/bigcommerce-server/node_modules/axios/lib/core/settle.js:19:12)
    at Unzip.handleStreamEnd (file:///home/cedcoss/syed/node/bigcommerce-server/node_modules/axios/lib/adapters/http.js:570:11)
    at Unzip.emit (node:events:525:35)
    at endReadableNT (node:internal/streams/readable:1359:12)
    at process.processTicksAndRejections (node:internal/process/task_queues:82:21)

