2023-06-21T11:35:35.513Z - error ==> jwt expired, description==>TokenExpiredError: jwt expired
    at /home/cedcoss/Syed/node/bigcommerce-server/node_modules/jsonwebtoken/verify.js:190:21
    at getSecret (/home/cedcoss/Syed/node/bigcommerce-server/node_modules/jsonwebtoken/verify.js:97:14)
    at module.exports [as verify] (/home/cedcoss/Syed/node/bigcommerce-server/node_modules/jsonwebtoken/verify.js:101:10)
    at verifyJWT (file:///home/cedcoss/Syed/node/bigcommerce-server/src/services/jwt.js:12:20)
    at auth (file:///home/cedcoss/Syed/node/bigcommerce-server/src/middleware/authorization.js:8:27)
    at Layer.handle [as handle_request] (/home/cedcoss/Syed/node/bigcommerce-server/node_modules/express/lib/router/layer.js:95:5)
    at next (/home/cedcoss/Syed/node/bigcommerce-server/node_modules/express/lib/router/route.js:144:13)
    at Route.dispatch (/home/cedcoss/Syed/node/bigcommerce-server/node_modules/express/lib/router/route.js:114:3)
    at Layer.handle [as handle_request] (/home/cedcoss/Syed/node/bigcommerce-server/node_modules/express/lib/router/layer.js:95:5)
    at /home/cedcoss/Syed/node/bigcommerce-server/node_modules/express/lib/router/index.js:284:15

2023-06-21T11:35:36.637Z - error ==> jwt expired, description==>TokenExpiredError: jwt expired
    at /home/cedcoss/Syed/node/bigcommerce-server/node_modules/jsonwebtoken/verify.js:190:21
    at getSecret (/home/cedcoss/Syed/node/bigcommerce-server/node_modules/jsonwebtoken/verify.js:97:14)
    at module.exports [as verify] (/home/cedcoss/Syed/node/bigcommerce-server/node_modules/jsonwebtoken/verify.js:101:10)
    at verifyJWT (file:///home/cedcoss/Syed/node/bigcommerce-server/src/services/jwt.js:12:20)
    at auth (file:///home/cedcoss/Syed/node/bigcommerce-server/src/middleware/authorization.js:8:27)
    at Layer.handle [as handle_request] (/home/cedcoss/Syed/node/bigcommerce-server/node_modules/express/lib/router/layer.js:95:5)
    at next (/home/cedcoss/Syed/node/bigcommerce-server/node_modules/express/lib/router/route.js:144:13)
    at Route.dispatch (/home/cedcoss/Syed/node/bigcommerce-server/node_modules/express/lib/router/route.js:114:3)
    at Layer.handle [as handle_request] (/home/cedcoss/Syed/node/bigcommerce-server/node_modules/express/lib/router/layer.js:95:5)
    at /home/cedcoss/Syed/node/bigcommerce-server/node_modules/express/lib/router/index.js:284:15

2023-06-21T11:36:21.130Z - error ==> jwt expired, description==>TokenExpiredError: jwt expired
    at /home/cedcoss/Syed/node/bigcommerce-server/node_modules/jsonwebtoken/verify.js:190:21
    at getSecret (/home/cedcoss/Syed/node/bigcommerce-server/node_modules/jsonwebtoken/verify.js:97:14)
    at module.exports [as verify] (/home/cedcoss/Syed/node/bigcommerce-server/node_modules/jsonwebtoken/verify.js:101:10)
    at verifyJWT (file:///home/cedcoss/Syed/node/bigcommerce-server/src/services/jwt.js:12:20)
    at auth (file:///home/cedcoss/Syed/node/bigcommerce-server/src/middleware/authorization.js:8:27)
    at Layer.handle [as handle_request] (/home/cedcoss/Syed/node/bigcommerce-server/node_modules/express/lib/router/layer.js:95:5)
    at next (/home/cedcoss/Syed/node/bigcommerce-server/node_modules/express/lib/router/route.js:144:13)
    at Route.dispatch (/home/cedcoss/Syed/node/bigcommerce-server/node_modules/express/lib/router/route.js:114:3)
    at Layer.handle [as handle_request] (/home/cedcoss/Syed/node/bigcommerce-server/node_modules/express/lib/router/layer.js:95:5)
    at /home/cedcoss/Syed/node/bigcommerce-server/node_modules/express/lib/router/index.js:284:15

2023-06-21T11:36:22.157Z - error ==> jwt expired, description==>TokenExpiredError: jwt expired
    at /home/cedcoss/Syed/node/bigcommerce-server/node_modules/jsonwebtoken/verify.js:190:21
    at getSecret (/home/cedcoss/Syed/node/bigcommerce-server/node_modules/jsonwebtoken/verify.js:97:14)
    at module.exports [as verify] (/home/cedcoss/Syed/node/bigcommerce-server/node_modules/jsonwebtoken/verify.js:101:10)
    at verifyJWT (file:///home/cedcoss/Syed/node/bigcommerce-server/src/services/jwt.js:12:20)
    at auth (file:///home/cedcoss/Syed/node/bigcommerce-server/src/middleware/authorization.js:8:27)
    at Layer.handle [as handle_request] (/home/cedcoss/Syed/node/bigcommerce-server/node_modules/express/lib/router/layer.js:95:5)
    at next (/home/cedcoss/Syed/node/bigcommerce-server/node_modules/express/lib/router/route.js:144:13)
    at Route.dispatch (/home/cedcoss/Syed/node/bigcommerce-server/node_modules/express/lib/router/route.js:114:3)
    at Layer.handle [as handle_request] (/home/cedcoss/Syed/node/bigcommerce-server/node_modules/express/lib/router/layer.js:95:5)
    at /home/cedcoss/Syed/node/bigcommerce-server/node_modules/express/lib/router/index.js:284:15

2023-06-21T11:36:22.337Z - error ==> jwt expired, description==>TokenExpiredError: jwt expired
    at /home/cedcoss/Syed/node/bigcommerce-server/node_modules/jsonwebtoken/verify.js:190:21
    at getSecret (/home/cedcoss/Syed/node/bigcommerce-server/node_modules/jsonwebtoken/verify.js:97:14)
    at module.exports [as verify] (/home/cedcoss/Syed/node/bigcommerce-server/node_modules/jsonwebtoken/verify.js:101:10)
    at verifyJWT (file:///home/cedcoss/Syed/node/bigcommerce-server/src/services/jwt.js:12:20)
    at auth (file:///home/cedcoss/Syed/node/bigcommerce-server/src/middleware/authorization.js:8:27)
    at Layer.handle [as handle_request] (/home/cedcoss/Syed/node/bigcommerce-server/node_modules/express/lib/router/layer.js:95:5)
    at next (/home/cedcoss/Syed/node/bigcommerce-server/node_modules/express/lib/router/route.js:144:13)
    at Route.dispatch (/home/cedcoss/Syed/node/bigcommerce-server/node_modules/express/lib/router/route.js:114:3)
    at Layer.handle [as handle_request] (/home/cedcoss/Syed/node/bigcommerce-server/node_modules/express/lib/router/layer.js:95:5)
    at /home/cedcoss/Syed/node/bigcommerce-server/node_modules/express/lib/router/index.js:284:15

2023-06-21T11:36:22.505Z - error ==> jwt expired, description==>TokenExpiredError: jwt expired
    at /home/cedcoss/Syed/node/bigcommerce-server/node_modules/jsonwebtoken/verify.js:190:21
    at getSecret (/home/cedcoss/Syed/node/bigcommerce-server/node_modules/jsonwebtoken/verify.js:97:14)
    at module.exports [as verify] (/home/cedcoss/Syed/node/bigcommerce-server/node_modules/jsonwebtoken/verify.js:101:10)
    at verifyJWT (file:///home/cedcoss/Syed/node/bigcommerce-server/src/services/jwt.js:12:20)
    at auth (file:///home/cedcoss/Syed/node/bigcommerce-server/src/middleware/authorization.js:8:27)
    at Layer.handle [as handle_request] (/home/cedcoss/Syed/node/bigcommerce-server/node_modules/express/lib/router/layer.js:95:5)
    at next (/home/cedcoss/Syed/node/bigcommerce-server/node_modules/express/lib/router/route.js:144:13)
    at Route.dispatch (/home/cedcoss/Syed/node/bigcommerce-server/node_modules/express/lib/router/route.js:114:3)
    at Layer.handle [as handle_request] (/home/cedcoss/Syed/node/bigcommerce-server/node_modules/express/lib/router/layer.js:95:5)
    at /home/cedcoss/Syed/node/bigcommerce-server/node_modules/express/lib/router/index.js:284:15

2023-06-21T11:36:22.683Z - error ==> jwt expired, description==>TokenExpiredError: jwt expired
    at /home/cedcoss/Syed/node/bigcommerce-server/node_modules/jsonwebtoken/verify.js:190:21
    at getSecret (/home/cedcoss/Syed/node/bigcommerce-server/node_modules/jsonwebtoken/verify.js:97:14)
    at module.exports [as verify] (/home/cedcoss/Syed/node/bigcommerce-server/node_modules/jsonwebtoken/verify.js:101:10)
    at verifyJWT (file:///home/cedcoss/Syed/node/bigcommerce-server/src/services/jwt.js:12:20)
    at auth (file:///home/cedcoss/Syed/node/bigcommerce-server/src/middleware/authorization.js:8:27)
    at Layer.handle [as handle_request] (/home/cedcoss/Syed/node/bigcommerce-server/node_modules/express/lib/router/layer.js:95:5)
    at next (/home/cedcoss/Syed/node/bigcommerce-server/node_modules/express/lib/router/route.js:144:13)
    at Route.dispatch (/home/cedcoss/Syed/node/bigcommerce-server/node_modules/express/lib/router/route.js:114:3)
    at Layer.handle [as handle_request] (/home/cedcoss/Syed/node/bigcommerce-server/node_modules/express/lib/router/layer.js:95:5)
    at /home/cedcoss/Syed/node/bigcommerce-server/node_modules/express/lib/router/index.js:284:15

2023-06-21T11:36:34.218Z - error ==> jwt must be provided, description==>JsonWebTokenError: jwt must be provided
    at module.exports [as verify] (/home/cedcoss/Syed/node/bigcommerce-server/node_modules/jsonwebtoken/verify.js:60:17)
    at verifyJWT (file:///home/cedcoss/Syed/node/bigcommerce-server/src/services/jwt.js:12:20)
    at auth (file:///home/cedcoss/Syed/node/bigcommerce-server/src/middleware/authorization.js:8:27)
    at Layer.handle [as handle_request] (/home/cedcoss/Syed/node/bigcommerce-server/node_modules/express/lib/router/layer.js:95:5)
    at next (/home/cedcoss/Syed/node/bigcommerce-server/node_modules/express/lib/router/route.js:144:13)
    at Route.dispatch (/home/cedcoss/Syed/node/bigcommerce-server/node_modules/express/lib/router/route.js:114:3)
    at Layer.handle [as handle_request] (/home/cedcoss/Syed/node/bigcommerce-server/node_modules/express/lib/router/layer.js:95:5)
    at /home/cedcoss/Syed/node/bigcommerce-server/node_modules/express/lib/router/index.js:284:15
    at Function.process_params (/home/cedcoss/Syed/node/bigcommerce-server/node_modules/express/lib/router/index.js:346:12)
    at next (/home/cedcoss/Syed/node/bigcommerce-server/node_modules/express/lib/router/index.js:280:10)

